2016/10/17 05:47:18 [error] [php] Undefined index: Consulting (/var/www/html/NewCRM/app/protected/modules/opportunities/dataproviders/OpportunitiesByStageChartDataProvider.php:76)
Stack trace:
#0 /var/www/html/NewCRM/app/protected/core/portlets/Portlet.php(234): OpportunitiesByStageChartView->render()
#1 /var/www/html/NewCRM/app/protected/core/views/PortletFrameView.php(105): Portlet->renderContent()
#2 /var/www/html/NewCRM/app/protected/modules/home/views/DashboardView.php(88): HomeDashboardView->renderPortlets()
#3 /var/www/html/NewCRM/app/protected/core/views/View.php(88): HomeDashboardView->renderContent()
#4 /var/www/html/NewCRM/app/protected/core/views/GridView.php(155): HomeDashboardView->render()
#5 /var/www/html/NewCRM/app/protected/core/views/View.php(88): HomeTitleBarAndDashboardView->renderContent()
#6 /var/www/html/NewCRM/app/protected/core/views/GridView.php(155): HomeTitleBarAndDashboardView->render()
#7 /var/www/html/NewCRM/app/protected/core/views/View.php(88): GridView->renderContent()
#8 /var/www/html/NewCRM/app/protected/core/views/GridView.php(155): GridView->render()
#9 /var/www/html/NewCRM/app/protected/core/views/View.php(88): GridView->renderContent()
#10 /var/www/html/NewCRM/app/protected/modules/zurmo/views/ZurmoDefaultView.php(54): GridView->render()
#11 /var/www/html/NewCRM/app/protected/core/views/View.php(88): ZurmoDefaultView->renderContent()
#12 /var/www/html/NewCRM/app/protected/core/views/PageView.php(160): ZurmoDefaultView->render()
#13 /var/www/html/NewCRM/app/protected/core/views/View.php(88): HomePageView->renderContent()
#14 /var/www/html/NewCRM/app/protected/core/views/PageView.php(75): HomePageView->render()
#15 /var/www/html/NewCRM/app/protected/modules/home/controllers/DefaultController.php(157): HomePageView->render()
#16 /var/www/html/NewCRM/app/protected/modules/home/controllers/DefaultController.php(75): HomeDefaultController->actionDashboardDetails()
#17 /var/www/html/NewCRM/yii/framework/web/actions/CInlineAction.php(49): HomeDefaultController->actionIndex()
#18 /var/www/html/NewCRM/yii/framework/web/CController.php(308): CInlineAction->runWithParams()
#19 /var/www/html/NewCRM/yii/framework/web/filters/CFilterChain.php(133): HomeDefaultController->runAction()
#20 /var/www/html/NewCRM/yii/framework/web/filters/CFilter.php(40): CFilterChain->run()
#21 /var/www/html/NewCRM/yii/framework/web/filters/CFilterChain.php(130): RightsControllerFilter->filter()
#22 /var/www/html/NewCRM/yii/framework/web/CController.php(291): CFilterChain->run()
#23 /var/www/html/NewCRM/yii/framework/web/CController.php(265): HomeDefaultController->runActionWithFilters()
#24 /var/www/html/NewCRM/yii/framework/web/CWebApplication.php(282): HomeDefaultController->run()
#25 /var/www/html/NewCRM/yii/framework/web/CWebApplication.php(141): WebApplication->runController()
#26 /var/www/html/NewCRM/yii/framework/base/CApplication.php(169): WebApplication->processRequest()
#27 /var/www/html/NewCRM/app/protected/core/components/WebApplication.php(88): WebApplication->run()
#28 /var/www/html/NewCRM/app/index.php(75): WebApplication->run()
REQUEST_URI=/app/index.php/home/default
2016/10/17 05:47:31 [error] [php] Undefined index: Consulting (/var/www/html/NewCRM/app/protected/modules/opportunities/dataproviders/OpportunitiesByStageChartDataProvider.php:76)
Stack trace:
#0 /var/www/html/NewCRM/app/protected/core/portlets/Portlet.php(234): OpportunitiesByStageChartView->render()
#1 /var/www/html/NewCRM/app/protected/core/views/PortletFrameView.php(105): Portlet->renderContent()
#2 /var/www/html/NewCRM/app/protected/modules/home/views/DashboardView.php(88): HomeDashboardView->renderPortlets()
#3 /var/www/html/NewCRM/app/protected/core/views/View.php(88): HomeDashboardView->renderContent()
#4 /var/www/html/NewCRM/app/protected/core/views/GridView.php(155): HomeDashboardView->render()
#5 /var/www/html/NewCRM/app/protected/core/views/View.php(88): HomeTitleBarAndDashboardView->renderContent()
#6 /var/www/html/NewCRM/app/protected/core/views/GridView.php(155): HomeTitleBarAndDashboardView->render()
#7 /var/www/html/NewCRM/app/protected/core/views/View.php(88): GridView->renderContent()
#8 /var/www/html/NewCRM/app/protected/core/views/GridView.php(155): GridView->render()
#9 /var/www/html/NewCRM/app/protected/core/views/View.php(88): GridView->renderContent()
#10 /var/www/html/NewCRM/app/protected/modules/zurmo/views/ZurmoDefaultView.php(54): GridView->render()
#11 /var/www/html/NewCRM/app/protected/core/views/View.php(88): ZurmoDefaultView->renderContent()
#12 /var/www/html/NewCRM/app/protected/core/views/PageView.php(160): ZurmoDefaultView->render()
#13 /var/www/html/NewCRM/app/protected/core/views/View.php(88): HomePageView->renderContent()
#14 /var/www/html/NewCRM/app/protected/core/views/PageView.php(75): HomePageView->render()
#15 /var/www/html/NewCRM/app/protected/modules/home/controllers/DefaultController.php(157): HomePageView->render()
#16 /var/www/html/NewCRM/app/protected/modules/home/controllers/DefaultController.php(75): HomeDefaultController->actionDashboardDetails()
#17 /var/www/html/NewCRM/yii/framework/web/actions/CInlineAction.php(49): HomeDefaultController->actionIndex()
#18 /var/www/html/NewCRM/yii/framework/web/CController.php(308): CInlineAction->runWithParams()
#19 /var/www/html/NewCRM/yii/framework/web/filters/CFilterChain.php(133): HomeDefaultController->runAction()
#20 /var/www/html/NewCRM/yii/framework/web/filters/CFilter.php(40): CFilterChain->run()
#21 /var/www/html/NewCRM/yii/framework/web/filters/CFilterChain.php(130): RightsControllerFilter->filter()
#22 /var/www/html/NewCRM/yii/framework/web/CController.php(291): CFilterChain->run()
#23 /var/www/html/NewCRM/yii/framework/web/CController.php(265): HomeDefaultController->runActionWithFilters()
#24 /var/www/html/NewCRM/yii/framework/web/CWebApplication.php(282): HomeDefaultController->run()
#25 /var/www/html/NewCRM/yii/framework/web/CWebApplication.php(141): WebApplication->runController()
#26 /var/www/html/NewCRM/yii/framework/base/CApplication.php(169): WebApplication->processRequest()
#27 /var/www/html/NewCRM/app/protected/core/components/WebApplication.php(88): WebApplication->run()
#28 /var/www/html/NewCRM/app/index.php(75): WebApplication->run()
REQUEST_URI=/app/index.php/home/default
2016/10/17 05:47:58 [error] [php] Undefined index: Consulting (/var/www/html/NewCRM/app/protected/modules/opportunities/dataproviders/OpportunitiesByStageChartDataProvider.php:76)
Stack trace:
#0 /var/www/html/NewCRM/app/protected/core/portlets/Portlet.php(234): OpportunitiesByStageChartView->render()
#1 /var/www/html/NewCRM/app/protected/core/views/PortletFrameView.php(105): Portlet->renderContent()
#2 /var/www/html/NewCRM/app/protected/modules/home/views/DashboardView.php(88): HomeDashboardView->renderPortlets()
#3 /var/www/html/NewCRM/app/protected/core/views/View.php(88): HomeDashboardView->renderContent()
#4 /var/www/html/NewCRM/app/protected/core/views/GridView.php(155): HomeDashboardView->render()
#5 /var/www/html/NewCRM/app/protected/core/views/View.php(88): HomeTitleBarAndDashboardView->renderContent()
#6 /var/www/html/NewCRM/app/protected/core/views/GridView.php(155): HomeTitleBarAndDashboardView->render()
#7 /var/www/html/NewCRM/app/protected/core/views/View.php(88): GridView->renderContent()
#8 /var/www/html/NewCRM/app/protected/core/views/GridView.php(155): GridView->render()
#9 /var/www/html/NewCRM/app/protected/core/views/View.php(88): GridView->renderContent()
#10 /var/www/html/NewCRM/app/protected/modules/zurmo/views/ZurmoDefaultView.php(54): GridView->render()
#11 /var/www/html/NewCRM/app/protected/core/views/View.php(88): ZurmoDefaultView->renderContent()
#12 /var/www/html/NewCRM/app/protected/core/views/PageView.php(160): ZurmoDefaultView->render()
#13 /var/www/html/NewCRM/app/protected/core/views/View.php(88): HomePageView->renderContent()
#14 /var/www/html/NewCRM/app/protected/core/views/PageView.php(75): HomePageView->render()
#15 /var/www/html/NewCRM/app/protected/modules/home/controllers/DefaultController.php(157): HomePageView->render()
#16 /var/www/html/NewCRM/app/protected/modules/home/controllers/DefaultController.php(75): HomeDefaultController->actionDashboardDetails()
#17 /var/www/html/NewCRM/yii/framework/web/actions/CInlineAction.php(49): HomeDefaultController->actionIndex()
#18 /var/www/html/NewCRM/yii/framework/web/CController.php(308): CInlineAction->runWithParams()
#19 /var/www/html/NewCRM/yii/framework/web/filters/CFilterChain.php(133): HomeDefaultController->runAction()
#20 /var/www/html/NewCRM/yii/framework/web/filters/CFilter.php(40): CFilterChain->run()
#21 /var/www/html/NewCRM/yii/framework/web/filters/CFilterChain.php(130): RightsControllerFilter->filter()
#22 /var/www/html/NewCRM/yii/framework/web/CController.php(291): CFilterChain->run()
#23 /var/www/html/NewCRM/yii/framework/web/CController.php(265): HomeDefaultController->runActionWithFilters()
#24 /var/www/html/NewCRM/yii/framework/web/CWebApplication.php(282): HomeDefaultController->run()
#25 /var/www/html/NewCRM/yii/framework/web/CWebApplication.php(141): WebApplication->runController()
#26 /var/www/html/NewCRM/yii/framework/base/CApplication.php(169): WebApplication->processRequest()
#27 /var/www/html/NewCRM/app/protected/core/components/WebApplication.php(88): WebApplication->run()
#28 /var/www/html/NewCRM/app/index.php(75): WebApplication->run()
REQUEST_URI=/app/index.php/home/default
